[I 11:03:38.504 LabApp] JupyterLab extension loaded from /home/baker02/miniconda3/envs/scRNA_env/lib/python3.6/site-packages/jupyterlab
[I 11:03:38.504 LabApp] JupyterLab application directory is /home/baker02/miniconda3/envs/scRNA_env/share/jupyter/lab
[I 11:03:39.436 LabApp] [Jupytext Server Extension] Deriving a JupytextContentsManager from LargeFileManager
[I 11:03:39.438 LabApp] Serving notebooks from local directory: /mnt/scratcha/fmlab/baker02/ER_Model/E2V2/Initial_ER_Interactome_Network_Model
[I 11:03:39.439 LabApp] The Jupyter Notebook is running at:
[I 11:03:39.439 LabApp] http://clust1-node-1:9321/
[I 11:03:39.439 LabApp] Use Control-C to stop this server and shut down all kernels (twice to skip confirmation).
[I 11:50:21.842 LabApp] 302 GET / (10.20.236.34) 0.55ms
[I 11:50:21.890 LabApp] 302 GET /lab? (10.20.236.34) 1.02ms
[I 11:50:25.751 LabApp] 302 POST /login?next=%2Flab%3F (10.20.236.34) 1.29ms
[W 11:50:28.840 LabApp] Could not determine jupyterlab build status without nodejs
[E 11:50:30.352 LabApp] Uncaught exception GET /lab/api/extensions?1595847030149 (10.20.236.34)
    HTTPServerRequest(protocol='http', host='localhost:9321', method='GET', uri='/lab/api/extensions?1595847030149', version='HTTP/1.1', remote_ip='10.20.236.34')
    Traceback (most recent call last):
      File "/home/baker02/miniconda3/envs/scRNA_env/lib/python3.6/site-packages/tornado/web.py", line 1703, in _execute
        result = await result
      File "/home/baker02/miniconda3/envs/scRNA_env/lib/python3.6/site-packages/tornado/gen.py", line 742, in run
        yielded = self.gen.throw(*exc_info)  # type: ignore
      File "/home/baker02/miniconda3/envs/scRNA_env/lib/python3.6/site-packages/jupyterlab/handlers/extension_manager_handler.py", line 221, in get
        extensions = yield self.manager.list_extensions()
      File "/home/baker02/miniconda3/envs/scRNA_env/lib/python3.6/site-packages/tornado/gen.py", line 735, in run
        value = future.result()
      File "/home/baker02/miniconda3/envs/scRNA_env/lib/python3.6/site-packages/tornado/gen.py", line 742, in run
        yielded = self.gen.throw(*exc_info)  # type: ignore
      File "/home/baker02/miniconda3/envs/scRNA_env/lib/python3.6/site-packages/jupyterlab/handlers/extension_manager_handler.py", line 91, in list_extensions
        pkg_info = yield self._get_pkg_info(name, data)
      File "/home/baker02/miniconda3/envs/scRNA_env/lib/python3.6/site-packages/tornado/gen.py", line 735, in run
        value = future.result()
      File "/home/baker02/miniconda3/envs/scRNA_env/lib/python3.6/site-packages/tornado/gen.py", line 742, in run
        yielded = self.gen.throw(*exc_info)  # type: ignore
      File "/home/baker02/miniconda3/envs/scRNA_env/lib/python3.6/site-packages/jupyterlab/handlers/extension_manager_handler.py", line 160, in _get_pkg_info
        outdated = yield self._get_outdated()
      File "/home/baker02/miniconda3/envs/scRNA_env/lib/python3.6/site-packages/tornado/gen.py", line 735, in run
        value = future.result()
      File "/home/baker02/miniconda3/envs/scRNA_env/lib/python3.6/site-packages/tornado/gen.py", line 742, in run
        yielded = self.gen.throw(*exc_info)  # type: ignore
      File "/home/baker02/miniconda3/envs/scRNA_env/lib/python3.6/site-packages/jupyterlab/handlers/extension_manager_handler.py", line 194, in _load_outdated
        app_options=self.app_options
      File "/home/baker02/miniconda3/envs/scRNA_env/lib/python3.6/site-packages/tornado/gen.py", line 735, in run
        value = future.result()
      File "/home/baker02/miniconda3/envs/scRNA_env/lib/python3.6/concurrent/futures/_base.py", line 425, in result
        return self.__get_result()
      File "/home/baker02/miniconda3/envs/scRNA_env/lib/python3.6/concurrent/futures/_base.py", line 384, in __get_result
        raise self._exception
      File "/home/baker02/miniconda3/envs/scRNA_env/lib/python3.6/concurrent/futures/thread.py", line 56, in run
        result = self.fn(*self.args, **self.kwargs)
      File "/home/baker02/miniconda3/envs/scRNA_env/lib/python3.6/site-packages/jupyterlab/commands.py", line 541, in get_latest_compatible_package_versions
        return handler.latest_compatible_package_versions(names)
      File "/home/baker02/miniconda3/envs/scRNA_env/lib/python3.6/site-packages/jupyterlab/commands.py", line 1679, in latest_compatible_package_versions
        ret = self._run([which('npm'), 'pack'] + keys, cwd=tempdir)
      File "/home/baker02/miniconda3/envs/scRNA_env/lib/python3.6/site-packages/jupyterlab_server/process.py", line 59, in which
        raise ValueError(msg)
    ValueError: Please install Node.js and npm before continuing installation. You may be able to install Node.js from your package manager, from conda, or directly from the Node.js website (https://nodejs.org).
[W 11:50:30.437 LabApp] Unhandled error
[E 11:50:30.437 LabApp] {
      "Host": "localhost:9321",
      "User-Agent": "Mozilla/5.0 (Macintosh; Intel Mac OS X 10.15; rv:78.0) Gecko/20100101 Firefox/78.0",
      "Accept": "*/*",
      "Accept-Language": "en-GB,en;q=0.5",
      "Accept-Encoding": "gzip, deflate",
      "Referer": "http://localhost:9321/lab?",
      "X-Xsrftoken": "2|5a20104c|374a5a565a09906f2ac51980a6f75ba9|1595847021",
      "Content-Type": "application/json",
      "Connection": "keep-alive",
      "Cookie": "username-localhost-8888=\"2|1:0|10:1595841276|23:username-localhost-8888|44:YThlZjhiMzAwNDVkNDEyNThhY2JmN2RkMTE1N2Q3NGY=|db2fbf8a2d5ec874efe4b534a78e6f8e17bf592b36a99cce94e5dd9c40ee78d9\"; username-localhost-8889=\"2|1:0|10:1595567059|23:username-localhost-8889|44:NWE0ZTA1OGE3OWNiNGM2MmI1YmI4ZTA0ZWI2Y2I1NTE=|76c9675bf392d0453165139f2a25f7404335426b0317b95205e528757c22156e\"; username-localhost-8002=\"2|1:0|10:1593426161|23:username-localhost-8002|44:YzY4MDA0OTRmMjhhNDJhNDk1ZjgzMzMxOTBjNjVkMTU=|ad90896ddabacad87a5407b7b220b6fe552d4f72437bc84d6ccb52aad4464c08\"; username-localhost-9417=\"2|1:0|10:1593508551|23:username-localhost-9417|44:OTNkZmJjYjVkMTkzNGYzYThlMTgxZGY0YTA0MWM2MjE=|6f87eaacf3f41aa24cfa1e979ca16c55663fde2aea03d9fefa05177e1b55e7ec\"; username-localhost-8699=\"2|1:0|10:1594032249|23:username-localhost-8699|44:NWZjYzBkMzk0ZWNiNGY4Mzg2NGQ1MjVkMzU5YzQ3ZjU=|2fee082dba01bd027ba8056b60c407a1848c9312029fb606debc117d19bfe0eb\"; username-localhost-9681=\"2|1:0|10:1594113120|23:username-localhost-9681|44:ODA2MmQzZTFkZjg5NGM3OTk2NTI5OTc1MzM0MmJiNGU=|e9965ba9a2c4a5573c5d62d0825d4cbcfe57be38e5dd951b181938a135674779\"; username-localhost-9953=\"2|1:0|10:1594113126|23:username-localhost-9953|44:NWJiMGQ4MmE0YWNmNDM1Mjk0M2VhOTJjOTE0N2Q5NjY=|78b2309db5b3ea5309e123cc9e54b4c06f89c83af11c14f5981881539cc67294\"; username-localhost-8188=\"2|1:0|10:1594285485|23:username-localhost-8188|44:M2ExYWNkNDkwZjRhNGI5YWIwNmMwNDg5N2FiNGJlMDY=|5044ac673f094501803dea2bbad3298e35110b8ccbaeef26f1b478fac9baa5f2\"; username-localhost-9172=\"2|1:0|10:1594285490|23:username-localhost-9172|44:ZWQ0NDU0YmZiMjM0NDhjMmFiODFlNmE3YmJjOWYxZmY=|4e5ee11154fe92b2c4425421618dae7dc88c66730faead3debc16c9e69afc6fb\"; username-localhost-9135=\"2|1:0|10:1594630739|23:username-localhost-9135|44:MGJkZjUxMzk2ZDYwNGZkYzkwMTMxMTA2M2JkZmJmNzU=|d8d51e471ed8870c0c6581b2b14e7d32d46f06670d0919d744cfb18ff21b2372\"; username-localhost-8904=\"2|1:0|10:1594722669|23:username-localhost-8904|44:NjAzOGYxYjgzOGJlNDdjYzk1NTYxNWFjOTU1YzFmMmQ=|e73c1cd7b7f12c46ba20baf70cef1cc0f84d6a0a7c7889a5644b33dcabedcbe9\"; username-localhost-8890=\"2|1:0|10:1594744655|23:username-localhost-8890|44:MjkzYzgwMzZiZDg5NGE3Zjg5MDc2OTZmMTQ3YjZiZTU=|cf0bf944819bc1ade13a81d3273913779c8f49f43c06336aa4b1dc14d5a90a22\"; username-localhost-8967=\"2|1:0|10:1594807904|23:username-localhost-8967|44:NDkyZTcwZGZlNjQxNDdlNzk1ZTkzODA3ZGU2YzNiOTg=|343c54f4ac636e03622b2c5ab302a5e49e75ed4f9f96520d48959622a55ffdba\"; username-localhost-9949=\"2|1:0|10:1594816672|23:username-localhost-9949|44:YTg2YzU1NTA0NTQ2NDIxMzljNjFiMjAzNzZlZThhZWQ=|23e5b5d82a3261dd40f9b978cd0d57b8fedfe61a4a0e2a91fb0edf0e6cfc4294\"; username-localhost-8891=\"2|1:0|10:1594827687|23:username-localhost-8891|44:NWY3MzM5NDQ0ZDU4NDY5MzhjY2ExM2QxY2M1MWQzMTk=|f839c22190faa9f3021021f858a640400cc74bba2a2b49d77bb61e012dd7a72a\"; username-localhost-8892=\"2|1:0|10:1594875714|23:username-localhost-8892|44:YTE0YTA3MmE4NGRkNGUxMGEzYzQ4ZDJhYmI1NzhiNDY=|4ac29e85ae8004fd67420e155fafffbe283aac8e5d1768ecf427ce82e63f4630\"; username-localhost-8951=\"2|1:0|10:1594892710|23:username-localhost-8951|44:MmFmYzU5ZDlkOTNiNGJjYjg5OTk4OTAwY2YxMjJiMTc=|1be4579f1c133c14ee070fca8bffe4ce0a893e044a3bcaf93e28a771d273e66b\"; username-localhost-8899=\"2|1:0|10:1594978266|23:username-localhost-8899|44:YmI3YWI3NWM4NWVjNDJiZDlkMDE4YmJlMzFkYTgzZmE=|892b5a77992c2ccb2ff5c82370f5befe051967e49a39ebca5141bd624970addb\"; username-localhost-9491=\"2|1:0|10:1594978674|23:username-localhost-9491|44:MmMxZDI5NmE1YjcyNGNiYjg3OTAyNDE4MzBlMWEzOTY=|40b91d894be2dcc3c9d0b65e2e06ec9976c99ad359479b0a14ffc4aac1edd8f0\"; username-localhost-8882=\"2|1:0|10:1594994875|23:username-localhost-8882|44:N2RmYzBhNDg4MWNlNDA3ZDlmZWJjNzA3MGMwZWIxMzI=|5d82b07f7f74222817b9beec35db8c79cf94a82052440a0b21af0e19859ed1f8\"; username-localhost-8982=\"2|1:0|10:1595187716|23:username-localhost-8982|44:ODcwZTY4MjBiYzdkNDA1MDg5NDg2NGUzZjkyZjM2NWI=|37379ca64a01a81331726e3f38792696c6ee4a3fbc2ca325506b559a8af76324\"; username-localhost-9024=\"2|1:0|10:1595236822|23:username-localhost-9024|44:YzRlMTUwNjcxYjMwNDU0N2E3NjUxM2NkM2M3NDY4OTQ=|01be2ed68d7d3da961d45b8844585dc618f6b147f58535ae64d7712937e14cd8\"; username-localhost-8937=\"2|1:0|10:1595269727|23:username-localhost-8937|44:NzZkOGRlNGRlMDQwNGY0NjlmYTVkM2ZiODJiYmZjZGU=|0f4cdfa051265fc934c17a636ddd97296d83ece9c3df24bace8987f3a62b20e8\"; username-localhost-8318=\"2|1:0|10:1595324714|23:username-localhost-8318|44:MjMwMjBhN2Y1YjkwNDA3ODg3YTRiMDg3MmY3ZTk4MTg=|bcdde59d5c88c6b7c2b31a762722a5a5e8adb97a98b1635bd3511809ed7f96c3\"; username-localhost-9558=\"2|1:0|10:1595409209|23:username-localhost-9558|44:YTgxNGU0ZDE2YmNiNDdlOGE2NjNjMzdhNzRiZTI1Y2Y=|f9e53fcc7ce0a0c99adbcba3441b6b94566c34480ff8a59e543c0d5c2c4dfd76\"; username-localhost-9093=\"2|1:0|10:1595497666|23:username-localhost-9093|44:NTdlOTUxYTRmMDM4NGFjODg2NmU0ZGI0ZWUxOWRjMjI=|36ee4109710b6f9600b57e4216656c51f1d94b6f45aff4a28be09daa0a1295c8\"; username-localhost-9839=\"2|1:0|10:1595579728|23:username-localhost-9839|44:MmUyNzliODgyMmQ2NDY3NWI3N2Q5MWYyNzI0ZDlhMWI=|bbeb52f7fd890ea9d2a2d24ec85bc52a701522f99e2136d1147a8a61dd98d0a9\"; _xsrf=2|5a20104c|374a5a565a09906f2ac51980a6f75ba9|1595847021; username-localhost-9321=\"2|1:0|10:1595847025|23:username-localhost-9321|44:ZjNmZGVlN2UzZGIyNDdhZTg4YzMxZDA4ZTRkMzUxYTg=|2e6282f6ee38be1e9e5a4d869de2f5fb0c36047825c692abc6ad5b9a61299ec5\"",
      "Pragma": "no-cache",
      "Cache-Control": "no-cache"
    }
[E 11:50:30.437 LabApp] 500 GET /lab/api/extensions?1595847030149 (10.20.236.34) 236.82ms referer=http://localhost:9321/lab?
[E 11:50:31.209 LabApp] Uncaught exception GET /lab/api/extensions?1595847031157 (10.20.236.34)
    HTTPServerRequest(protocol='http', host='localhost:9321', method='GET', uri='/lab/api/extensions?1595847031157', version='HTTP/1.1', remote_ip='10.20.236.34')
    Traceback (most recent call last):
      File "/home/baker02/miniconda3/envs/scRNA_env/lib/python3.6/site-packages/tornado/web.py", line 1703, in _execute
        result = await result
      File "/home/baker02/miniconda3/envs/scRNA_env/lib/python3.6/site-packages/tornado/gen.py", line 742, in run
        yielded = self.gen.throw(*exc_info)  # type: ignore
      File "/home/baker02/miniconda3/envs/scRNA_env/lib/python3.6/site-packages/jupyterlab/handlers/extension_manager_handler.py", line 221, in get
        extensions = yield self.manager.list_extensions()
      File "/home/baker02/miniconda3/envs/scRNA_env/lib/python3.6/site-packages/tornado/gen.py", line 735, in run
        value = future.result()
      File "/home/baker02/miniconda3/envs/scRNA_env/lib/python3.6/site-packages/tornado/gen.py", line 742, in run
        yielded = self.gen.throw(*exc_info)  # type: ignore
      File "/home/baker02/miniconda3/envs/scRNA_env/lib/python3.6/site-packages/jupyterlab/handlers/extension_manager_handler.py", line 91, in list_extensions
        pkg_info = yield self._get_pkg_info(name, data)
      File "/home/baker02/miniconda3/envs/scRNA_env/lib/python3.6/site-packages/tornado/gen.py", line 735, in run
        value = future.result()
      File "/home/baker02/miniconda3/envs/scRNA_env/lib/python3.6/site-packages/tornado/gen.py", line 742, in run
        yielded = self.gen.throw(*exc_info)  # type: ignore
      File "/home/baker02/miniconda3/envs/scRNA_env/lib/python3.6/site-packages/jupyterlab/handlers/extension_manager_handler.py", line 160, in _get_pkg_info
        outdated = yield self._get_outdated()
      File "/home/baker02/miniconda3/envs/scRNA_env/lib/python3.6/site-packages/tornado/gen.py", line 735, in run
        value = future.result()
      File "/home/baker02/miniconda3/envs/scRNA_env/lib/python3.6/site-packages/tornado/web.py", line 1703, in _execute
        result = await result
      File "/home/baker02/miniconda3/envs/scRNA_env/lib/python3.6/site-packages/tornado/gen.py", line 742, in run
        yielded = self.gen.throw(*exc_info)  # type: ignore
      File "/home/baker02/miniconda3/envs/scRNA_env/lib/python3.6/site-packages/jupyterlab/handlers/extension_manager_handler.py", line 221, in get
        extensions = yield self.manager.list_extensions()
      File "/home/baker02/miniconda3/envs/scRNA_env/lib/python3.6/site-packages/tornado/gen.py", line 735, in run
        value = future.result()
      File "/home/baker02/miniconda3/envs/scRNA_env/lib/python3.6/site-packages/tornado/gen.py", line 742, in run
        yielded = self.gen.throw(*exc_info)  # type: ignore
      File "/home/baker02/miniconda3/envs/scRNA_env/lib/python3.6/site-packages/jupyterlab/handlers/extension_manager_handler.py", line 91, in list_extensions
        pkg_info = yield self._get_pkg_info(name, data)
      File "/home/baker02/miniconda3/envs/scRNA_env/lib/python3.6/site-packages/tornado/gen.py", line 735, in run
        value = future.result()
      File "/home/baker02/miniconda3/envs/scRNA_env/lib/python3.6/site-packages/tornado/gen.py", line 742, in run
        yielded = self.gen.throw(*exc_info)  # type: ignore
      File "/home/baker02/miniconda3/envs/scRNA_env/lib/python3.6/site-packages/jupyterlab/handlers/extension_manager_handler.py", line 160, in _get_pkg_info
        outdated = yield self._get_outdated()
      File "/home/baker02/miniconda3/envs/scRNA_env/lib/python3.6/site-packages/tornado/gen.py", line 735, in run
        value = future.result()
      File "/home/baker02/miniconda3/envs/scRNA_env/lib/python3.6/site-packages/tornado/gen.py", line 742, in run
        yielded = self.gen.throw(*exc_info)  # type: ignore
      File "/home/baker02/miniconda3/envs/scRNA_env/lib/python3.6/site-packages/jupyterlab/handlers/extension_manager_handler.py", line 194, in _load_outdated
        app_options=self.app_options
      File "/home/baker02/miniconda3/envs/scRNA_env/lib/python3.6/site-packages/tornado/gen.py", line 735, in run
        value = future.result()
      File "/home/baker02/miniconda3/envs/scRNA_env/lib/python3.6/concurrent/futures/_base.py", line 425, in result
        return self.__get_result()
      File "/home/baker02/miniconda3/envs/scRNA_env/lib/python3.6/concurrent/futures/_base.py", line 384, in __get_result
        raise self._exception
      File "/home/baker02/miniconda3/envs/scRNA_env/lib/python3.6/concurrent/futures/thread.py", line 56, in run
        result = self.fn(*self.args, **self.kwargs)
      File "/home/baker02/miniconda3/envs/scRNA_env/lib/python3.6/site-packages/jupyterlab/commands.py", line 541, in get_latest_compatible_package_versions
        return handler.latest_compatible_package_versions(names)
      File "/home/baker02/miniconda3/envs/scRNA_env/lib/python3.6/site-packages/jupyterlab/commands.py", line 1679, in latest_compatible_package_versions
        ret = self._run([which('npm'), 'pack'] + keys, cwd=tempdir)
      File "/home/baker02/miniconda3/envs/scRNA_env/lib/python3.6/site-packages/jupyterlab_server/process.py", line 59, in which
        raise ValueError(msg)
    ValueError: Please install Node.js and npm before continuing installation. You may be able to install Node.js from your package manager, from conda, or directly from the Node.js website (https://nodejs.org).
[W 11:50:31.209 LabApp] Unhandled error
[E 11:50:31.210 LabApp] {
      "Host": "localhost:9321",
      "User-Agent": "Mozilla/5.0 (Macintosh; Intel Mac OS X 10.15; rv:78.0) Gecko/20100101 Firefox/78.0",
      "Accept": "*/*",
      "Accept-Language": "en-GB,en;q=0.5",
      "Accept-Encoding": "gzip, deflate",
      "Referer": "http://localhost:9321/lab?",
      "X-Xsrftoken": "2|5a20104c|374a5a565a09906f2ac51980a6f75ba9|1595847021",
      "Content-Type": "application/json",
      "Connection": "keep-alive",
      "Cookie": "username-localhost-8888=\"2|1:0|10:1595841276|23:username-localhost-8888|44:YThlZjhiMzAwNDVkNDEyNThhY2JmN2RkMTE1N2Q3NGY=|db2fbf8a2d5ec874efe4b534a78e6f8e17bf592b36a99cce94e5dd9c40ee78d9\"; username-localhost-8889=\"2|1:0|10:1595567059|23:username-localhost-8889|44:NWE0ZTA1OGE3OWNiNGM2MmI1YmI4ZTA0ZWI2Y2I1NTE=|76c9675bf392d0453165139f2a25f7404335426b0317b95205e528757c22156e\"; username-localhost-8002=\"2|1:0|10:1593426161|23:username-localhost-8002|44:YzY4MDA0OTRmMjhhNDJhNDk1ZjgzMzMxOTBjNjVkMTU=|ad90896ddabacad87a5407b7b220b6fe552d4f72437bc84d6ccb52aad4464c08\"; username-localhost-9417=\"2|1:0|10:1593508551|23:username-localhost-9417|44:OTNkZmJjYjVkMTkzNGYzYThlMTgxZGY0YTA0MWM2MjE=|6f87eaacf3f41aa24cfa1e979ca16c55663fde2aea03d9fefa05177e1b55e7ec\"; username-localhost-8699=\"2|1:0|10:1594032249|23:username-localhost-8699|44:NWZjYzBkMzk0ZWNiNGY4Mzg2NGQ1MjVkMzU5YzQ3ZjU=|2fee082dba01bd027ba8056b60c407a1848c9312029fb606debc117d19bfe0eb\"; username-localhost-9681=\"2|1:0|10:1594113120|23:username-localhost-9681|44:ODA2MmQzZTFkZjg5NGM3OTk2NTI5OTc1MzM0MmJiNGU=|e9965ba9a2c4a5573c5d62d0825d4cbcfe57be38e5dd951b181938a135674779\"; username-localhost-9953=\"2|1:0|10:1594113126|23:username-localhost-9953|44:NWJiMGQ4MmE0YWNmNDM1Mjk0M2VhOTJjOTE0N2Q5NjY=|78b2309db5b3ea5309e123cc9e54b4c06f89c83af11c14f5981881539cc67294\"; username-localhost-8188=\"2|1:0|10:1594285485|23:username-localhost-8188|44:M2ExYWNkNDkwZjRhNGI5YWIwNmMwNDg5N2FiNGJlMDY=|5044ac673f094501803dea2bbad3298e35110b8ccbaeef26f1b478fac9baa5f2\"; username-localhost-9172=\"2|1:0|10:1594285490|23:username-localhost-9172|44:ZWQ0NDU0YmZiMjM0NDhjMmFiODFlNmE3YmJjOWYxZmY=|4e5ee11154fe92b2c4425421618dae7dc88c66730faead3debc16c9e69afc6fb\"; username-localhost-9135=\"2|1:0|10:1594630739|23:username-localhost-9135|44:MGJkZjUxMzk2ZDYwNGZkYzkwMTMxMTA2M2JkZmJmNzU=|d8d51e471ed8870c0c6581b2b14e7d32d46f06670d0919d744cfb18ff21b2372\"; username-localhost-8904=\"2|1:0|10:1594722669|23:username-localhost-8904|44:NjAzOGYxYjgzOGJlNDdjYzk1NTYxNWFjOTU1YzFmMmQ=|e73c1cd7b7f12c46ba20baf70cef1cc0f84d6a0a7c7889a5644b33dcabedcbe9\"; username-localhost-8890=\"2|1:0|10:1594744655|23:username-localhost-8890|44:MjkzYzgwMzZiZDg5NGE3Zjg5MDc2OTZmMTQ3YjZiZTU=|cf0bf944819bc1ade13a81d3273913779c8f49f43c06336aa4b1dc14d5a90a22\"; username-localhost-8967=\"2|1:0|10:1594807904|23:username-localhost-8967|44:NDkyZTcwZGZlNjQxNDdlNzk1ZTkzODA3ZGU2YzNiOTg=|343c54f4ac636e03622b2c5ab302a5e49e75ed4f9f96520d48959622a55ffdba\"; username-localhost-9949=\"2|1:0|10:1594816672|23:username-localhost-9949|44:YTg2YzU1NTA0NTQ2NDIxMzljNjFiMjAzNzZlZThhZWQ=|23e5b5d82a3261dd40f9b978cd0d57b8fedfe61a4a0e2a91fb0edf0e6cfc4294\"; username-localhost-8891=\"2|1:0|10:1594827687|23:username-localhost-8891|44:NWY3MzM5NDQ0ZDU4NDY5MzhjY2ExM2QxY2M1MWQzMTk=|f839c22190faa9f3021021f858a640400cc74bba2a2b49d77bb61e012dd7a72a\"; username-localhost-8892=\"2|1:0|10:1594875714|23:username-localhost-8892|44:YTE0YTA3MmE4NGRkNGUxMGEzYzQ4ZDJhYmI1NzhiNDY=|4ac29e85ae8004fd67420e155fafffbe283aac8e5d1768ecf427ce82e63f4630\"; username-localhost-8951=\"2|1:0|10:1594892710|23:username-localhost-8951|44:MmFmYzU5ZDlkOTNiNGJjYjg5OTk4OTAwY2YxMjJiMTc=|1be4579f1c133c14ee070fca8bffe4ce0a893e044a3bcaf93e28a771d273e66b\"; username-localhost-8899=\"2|1:0|10:1594978266|23:username-localhost-8899|44:YmI3YWI3NWM4NWVjNDJiZDlkMDE4YmJlMzFkYTgzZmE=|892b5a77992c2ccb2ff5c82370f5befe051967e49a39ebca5141bd624970addb\"; username-localhost-9491=\"2|1:0|10:1594978674|23:username-localhost-9491|44:MmMxZDI5NmE1YjcyNGNiYjg3OTAyNDE4MzBlMWEzOTY=|40b91d894be2dcc3c9d0b65e2e06ec9976c99ad359479b0a14ffc4aac1edd8f0\"; username-localhost-8882=\"2|1:0|10:1594994875|23:username-localhost-8882|44:N2RmYzBhNDg4MWNlNDA3ZDlmZWJjNzA3MGMwZWIxMzI=|5d82b07f7f74222817b9beec35db8c79cf94a82052440a0b21af0e19859ed1f8\"; username-localhost-8982=\"2|1:0|10:1595187716|23:username-localhost-8982|44:ODcwZTY4MjBiYzdkNDA1MDg5NDg2NGUzZjkyZjM2NWI=|37379ca64a01a81331726e3f38792696c6ee4a3fbc2ca325506b559a8af76324\"; username-localhost-9024=\"2|1:0|10:1595236822|23:username-localhost-9024|44:YzRlMTUwNjcxYjMwNDU0N2E3NjUxM2NkM2M3NDY4OTQ=|01be2ed68d7d3da961d45b8844585dc618f6b147f58535ae64d7712937e14cd8\"; username-localhost-8937=\"2|1:0|10:1595269727|23:username-localhost-8937|44:NzZkOGRlNGRlMDQwNGY0NjlmYTVkM2ZiODJiYmZjZGU=|0f4cdfa051265fc934c17a636ddd97296d83ece9c3df24bace8987f3a62b20e8\"; username-localhost-8318=\"2|1:0|10:1595324714|23:username-localhost-8318|44:MjMwMjBhN2Y1YjkwNDA3ODg3YTRiMDg3MmY3ZTk4MTg=|bcdde59d5c88c6b7c2b31a762722a5a5e8adb97a98b1635bd3511809ed7f96c3\"; username-localhost-9558=\"2|1:0|10:1595409209|23:username-localhost-9558|44:YTgxNGU0ZDE2YmNiNDdlOGE2NjNjMzdhNzRiZTI1Y2Y=|f9e53fcc7ce0a0c99adbcba3441b6b94566c34480ff8a59e543c0d5c2c4dfd76\"; username-localhost-9093=\"2|1:0|10:1595497666|23:username-localhost-9093|44:NTdlOTUxYTRmMDM4NGFjODg2NmU0ZGI0ZWUxOWRjMjI=|36ee4109710b6f9600b57e4216656c51f1d94b6f45aff4a28be09daa0a1295c8\"; username-localhost-9839=\"2|1:0|10:1595579728|23:username-localhost-9839|44:MmUyNzliODgyMmQ2NDY3NWI3N2Q5MWYyNzI0ZDlhMWI=|bbeb52f7fd890ea9d2a2d24ec85bc52a701522f99e2136d1147a8a61dd98d0a9\"; _xsrf=2|5a20104c|374a5a565a09906f2ac51980a6f75ba9|1595847021; username-localhost-9321=\"2|1:0|10:1595847025|23:username-localhost-9321|44:ZjNmZGVlN2UzZGIyNDdhZTg4YzMxZDA4ZTRkMzUxYTg=|2e6282f6ee38be1e9e5a4d869de2f5fb0c36047825c692abc6ad5b9a61299ec5\"",
      "Pragma": "no-cache",
      "Cache-Control": "no-cache"
    }
[E 11:50:31.210 LabApp] 500 GET /lab/api/extensions?1595847031157 (10.20.236.34) 8.82ms referer=http://localhost:9321/lab?
[I 11:50:32.472 LabApp] Kernel started: c1a61373-985c-4735-a8dc-4a7a1af96c50
[I 11:50:32.485 LabApp] Kernel started: 96f18b83-8443-449c-893f-c99b4c7d99cf
[I 11:50:34.545 LabApp] Adapting from protocol version 5.0 (kernel 96f18b83-8443-449c-893f-c99b4c7d99cf) to 5.3 (client).
[I 11:50:34.701 LabApp] Adapting from protocol version 5.0 (kernel 96f18b83-8443-449c-893f-c99b4c7d99cf) to 5.3 (client).
[I 11:50:34.845 LabApp] Adapting from protocol version 5.0 (kernel c1a61373-985c-4735-a8dc-4a7a1af96c50) to 5.3 (client).
[I 11:54:32.261 LabApp] Saving file at /notebooks/004_etl_dev.ipynb
[I 11:54:32.262 LabApp] Saving 004_etl_dev.ipynb
[I 11:54:50.068 LabApp] Saving file at /notebooks/004_etl_dev.ipynb
[I 11:54:50.069 LabApp] Saving 004_etl_dev.ipynb
[I 11:54:57.418 LabApp] Saving file at /notebooks/004_etl_dev.ipynb
[I 11:54:57.419 LabApp] Saving 004_etl_dev.ipynb
[I 11:55:04.627 LabApp] Saving file at /notebooks/004_etl_dev.ipynb
[I 11:55:04.629 LabApp] Saving 004_etl_dev.ipynb
[I 11:56:54.467 LabApp] Saving file at /notebooks/004_etl_dev.ipynb
[I 11:56:54.468 LabApp] Saving 004_etl_dev.ipynb
[I 11:58:55.086 LabApp] Saving file at /notebooks/004_etl_dev.ipynb
[I 11:58:55.087 LabApp] Saving 004_etl_dev.ipynb
[I 11:59:07.955 LabApp] Saving file at /notebooks/004_etl_dev.ipynb
[I 11:59:07.956 LabApp] Saving 004_etl_dev.ipynb
[I 11:59:52.182 LabApp] Saving file at /notebooks/004_etl_dev.ipynb
[I 11:59:52.183 LabApp] Saving 004_etl_dev.ipynb
[I 12:00:32.225 LabApp] Saving file at /notebooks/005_nems_dev.ipynb
[I 12:00:32.226 LabApp] Saving 005_nems_dev.ipynb
[I 12:01:54.219 LabApp] Saving file at /notebooks/004_etl_dev.ipynb
[I 12:01:54.220 LabApp] Saving 004_etl_dev.ipynb
[I 12:06:08.310 LabApp] Saving file at /notebooks/005_nems_dev.ipynb
[I 12:06:08.311 LabApp] Saving 005_nems_dev.ipynb
[I 12:12:09.856 LabApp] Saving file at /notebooks/005_nems_dev.ipynb
[I 12:12:09.857 LabApp] Saving 005_nems_dev.ipynb
[I 12:16:11.411 LabApp] Saving file at /notebooks/005_nems_dev.ipynb
[I 12:16:11.412 LabApp] Saving 005_nems_dev.ipynb
[I 12:20:13.230 LabApp] Saving file at /notebooks/005_nems_dev.ipynb
[I 12:20:13.231 LabApp] Saving 005_nems_dev.ipynb
[I 12:26:15.011 LabApp] Saving file at /notebooks/005_nems_dev.ipynb
[I 12:26:15.012 LabApp] Saving 005_nems_dev.ipynb
[I 12:38:17.492 LabApp] Saving file at /notebooks/005_nems_dev.ipynb
[I 12:38:17.493 LabApp] Saving 005_nems_dev.ipynb
[I 12:52:20.519 LabApp] Saving file at /notebooks/005_nems_dev.ipynb
[I 12:52:20.520 LabApp] Saving 005_nems_dev.ipynb
[I 13:45:27.748 LabApp] Saving file at /notebooks/004_etl_dev.ipynb
[I 13:45:27.750 LabApp] Saving 004_etl_dev.ipynb
[I 13:45:45.120 LabApp] Saving file at /notebooks/004_etl_dev.ipynb
[I 13:45:45.121 LabApp] Saving 004_etl_dev.ipynb
[I 13:46:31.751 LabApp] Saving file at /notebooks/005_nems_dev.ipynb
[I 13:46:31.752 LabApp] Saving 005_nems_dev.ipynb
[I 13:47:46.136 LabApp] Saving file at /notebooks/004_etl_dev.ipynb
[I 13:47:46.137 LabApp] Saving 004_etl_dev.ipynb
[W 14:43:34.704 LabApp] WebSocket ping timeout after 119915 ms.
[W 14:43:34.848 LabApp] WebSocket ping timeout after 119962 ms.
[I 14:43:39.707 LabApp] Starting buffering for 96f18b83-8443-449c-893f-c99b4c7d99cf:87327b3a-0d2b-4881-a847-2f917665ae7f
[I 14:43:39.849 LabApp] Starting buffering for c1a61373-985c-4735-a8dc-4a7a1af96c50:ad64d592-129d-447e-b544-38e47e18c750
[W 15:14:27.844 LabApp] Could not determine jupyterlab build status without nodejs
[E 15:14:28.820 LabApp] Uncaught exception GET /lab/api/extensions?1595859268728 (10.20.236.34)
    HTTPServerRequest(protocol='http', host='localhost:9321', method='GET', uri='/lab/api/extensions?1595859268728', version='HTTP/1.1', remote_ip='10.20.236.34')
    Traceback (most recent call last):
      File "/home/baker02/miniconda3/envs/scRNA_env/lib/python3.6/site-packages/tornado/web.py", line 1703, in _execute
        result = await result
      File "/home/baker02/miniconda3/envs/scRNA_env/lib/python3.6/site-packages/tornado/gen.py", line 742, in run
        yielded = self.gen.throw(*exc_info)  # type: ignore
      File "/home/baker02/miniconda3/envs/scRNA_env/lib/python3.6/site-packages/jupyterlab/handlers/extension_manager_handler.py", line 221, in get
        extensions = yield self.manager.list_extensions()
      File "/home/baker02/miniconda3/envs/scRNA_env/lib/python3.6/site-packages/tornado/gen.py", line 735, in run
        value = future.result()
      File "/home/baker02/miniconda3/envs/scRNA_env/lib/python3.6/site-packages/tornado/gen.py", line 742, in run
        yielded = self.gen.throw(*exc_info)  # type: ignore
      File "/home/baker02/miniconda3/envs/scRNA_env/lib/python3.6/site-packages/jupyterlab/handlers/extension_manager_handler.py", line 91, in list_extensions
        pkg_info = yield self._get_pkg_info(name, data)
      File "/home/baker02/miniconda3/envs/scRNA_env/lib/python3.6/site-packages/tornado/gen.py", line 735, in run
        value = future.result()
      File "/home/baker02/miniconda3/envs/scRNA_env/lib/python3.6/site-packages/tornado/gen.py", line 742, in run
        yielded = self.gen.throw(*exc_info)  # type: ignore
      File "/home/baker02/miniconda3/envs/scRNA_env/lib/python3.6/site-packages/jupyterlab/handlers/extension_manager_handler.py", line 160, in _get_pkg_info
        outdated = yield self._get_outdated()
      File "/home/baker02/miniconda3/envs/scRNA_env/lib/python3.6/site-packages/tornado/gen.py", line 735, in run
        value = future.result()
      File "/home/baker02/miniconda3/envs/scRNA_env/lib/python3.6/site-packages/tornado/web.py", line 1703, in _execute
        result = await result
      File "/home/baker02/miniconda3/envs/scRNA_env/lib/python3.6/site-packages/tornado/gen.py", line 742, in run
        yielded = self.gen.throw(*exc_info)  # type: ignore
      File "/home/baker02/miniconda3/envs/scRNA_env/lib/python3.6/site-packages/jupyterlab/handlers/extension_manager_handler.py", line 221, in get
        extensions = yield self.manager.list_extensions()
      File "/home/baker02/miniconda3/envs/scRNA_env/lib/python3.6/site-packages/tornado/gen.py", line 735, in run
        value = future.result()
      File "/home/baker02/miniconda3/envs/scRNA_env/lib/python3.6/site-packages/tornado/gen.py", line 742, in run
        yielded = self.gen.throw(*exc_info)  # type: ignore
      File "/home/baker02/miniconda3/envs/scRNA_env/lib/python3.6/site-packages/jupyterlab/handlers/extension_manager_handler.py", line 91, in list_extensions
        pkg_info = yield self._get_pkg_info(name, data)
      File "/home/baker02/miniconda3/envs/scRNA_env/lib/python3.6/site-packages/tornado/gen.py", line 735, in run
        value = future.result()
      File "/home/baker02/miniconda3/envs/scRNA_env/lib/python3.6/site-packages/tornado/gen.py", line 742, in run
        yielded = self.gen.throw(*exc_info)  # type: ignore
      File "/home/baker02/miniconda3/envs/scRNA_env/lib/python3.6/site-packages/jupyterlab/handlers/extension_manager_handler.py", line 160, in _get_pkg_info
        outdated = yield self._get_outdated()
      File "/home/baker02/miniconda3/envs/scRNA_env/lib/python3.6/site-packages/tornado/gen.py", line 735, in run
        value = future.result()
      File "/home/baker02/miniconda3/envs/scRNA_env/lib/python3.6/site-packages/tornado/web.py", line 1703, in _execute
        result = await result
      File "/home/baker02/miniconda3/envs/scRNA_env/lib/python3.6/site-packages/tornado/gen.py", line 742, in run
        yielded = self.gen.throw(*exc_info)  # type: ignore
      File "/home/baker02/miniconda3/envs/scRNA_env/lib/python3.6/site-packages/jupyterlab/handlers/extension_manager_handler.py", line 221, in get
        extensions = yield self.manager.list_extensions()
      File "/home/baker02/miniconda3/envs/scRNA_env/lib/python3.6/site-packages/tornado/gen.py", line 735, in run
        value = future.result()
      File "/home/baker02/miniconda3/envs/scRNA_env/lib/python3.6/site-packages/tornado/gen.py", line 742, in run
        yielded = self.gen.throw(*exc_info)  # type: ignore
      File "/home/baker02/miniconda3/envs/scRNA_env/lib/python3.6/site-packages/jupyterlab/handlers/extension_manager_handler.py", line 91, in list_extensions
        pkg_info = yield self._get_pkg_info(name, data)
      File "/home/baker02/miniconda3/envs/scRNA_env/lib/python3.6/site-packages/tornado/gen.py", line 735, in run
        value = future.result()
      File "/home/baker02/miniconda3/envs/scRNA_env/lib/python3.6/site-packages/tornado/gen.py", line 742, in run
        yielded = self.gen.throw(*exc_info)  # type: ignore
      File "/home/baker02/miniconda3/envs/scRNA_env/lib/python3.6/site-packages/jupyterlab/handlers/extension_manager_handler.py", line 160, in _get_pkg_info
        outdated = yield self._get_outdated()
      File "/home/baker02/miniconda3/envs/scRNA_env/lib/python3.6/site-packages/tornado/gen.py", line 735, in run
        value = future.result()
      File "/home/baker02/miniconda3/envs/scRNA_env/lib/python3.6/site-packages/tornado/gen.py", line 742, in run
        yielded = self.gen.throw(*exc_info)  # type: ignore
      File "/home/baker02/miniconda3/envs/scRNA_env/lib/python3.6/site-packages/jupyterlab/handlers/extension_manager_handler.py", line 194, in _load_outdated
        app_options=self.app_options
      File "/home/baker02/miniconda3/envs/scRNA_env/lib/python3.6/site-packages/tornado/gen.py", line 735, in run
        value = future.result()
      File "/home/baker02/miniconda3/envs/scRNA_env/lib/python3.6/concurrent/futures/_base.py", line 425, in result
        return self.__get_result()
      File "/home/baker02/miniconda3/envs/scRNA_env/lib/python3.6/concurrent/futures/_base.py", line 384, in __get_result
        raise self._exception
      File "/home/baker02/miniconda3/envs/scRNA_env/lib/python3.6/concurrent/futures/thread.py", line 56, in run
        result = self.fn(*self.args, **self.kwargs)
      File "/home/baker02/miniconda3/envs/scRNA_env/lib/python3.6/site-packages/jupyterlab/commands.py", line 541, in get_latest_compatible_package_versions
        return handler.latest_compatible_package_versions(names)
      File "/home/baker02/miniconda3/envs/scRNA_env/lib/python3.6/site-packages/jupyterlab/commands.py", line 1679, in latest_compatible_package_versions
        ret = self._run([which('npm'), 'pack'] + keys, cwd=tempdir)
      File "/home/baker02/miniconda3/envs/scRNA_env/lib/python3.6/site-packages/jupyterlab_server/process.py", line 59, in which
        raise ValueError(msg)
    ValueError: Please install Node.js and npm before continuing installation. You may be able to install Node.js from your package manager, from conda, or directly from the Node.js website (https://nodejs.org).
[W 15:14:28.821 LabApp] Unhandled error
[E 15:14:28.822 LabApp] {
      "Host": "localhost:9321",
      "User-Agent": "Mozilla/5.0 (Macintosh; Intel Mac OS X 10.15; rv:78.0) Gecko/20100101 Firefox/78.0",
      "Accept": "*/*",
      "Accept-Language": "en-GB,en;q=0.5",
      "Accept-Encoding": "gzip, deflate",
      "Referer": "http://localhost:9321/lab?",
      "X-Xsrftoken": "2|5a20104c|374a5a565a09906f2ac51980a6f75ba9|1595847021",
      "Content-Type": "application/json",
      "Connection": "keep-alive",
      "Cookie": "username-localhost-8888=\"2|1:0|10:1595841276|23:username-localhost-8888|44:YThlZjhiMzAwNDVkNDEyNThhY2JmN2RkMTE1N2Q3NGY=|db2fbf8a2d5ec874efe4b534a78e6f8e17bf592b36a99cce94e5dd9c40ee78d9\"; username-localhost-8889=\"2|1:0|10:1595567059|23:username-localhost-8889|44:NWE0ZTA1OGE3OWNiNGM2MmI1YmI4ZTA0ZWI2Y2I1NTE=|76c9675bf392d0453165139f2a25f7404335426b0317b95205e528757c22156e\"; username-localhost-8002=\"2|1:0|10:1593426161|23:username-localhost-8002|44:YzY4MDA0OTRmMjhhNDJhNDk1ZjgzMzMxOTBjNjVkMTU=|ad90896ddabacad87a5407b7b220b6fe552d4f72437bc84d6ccb52aad4464c08\"; username-localhost-9417=\"2|1:0|10:1593508551|23:username-localhost-9417|44:OTNkZmJjYjVkMTkzNGYzYThlMTgxZGY0YTA0MWM2MjE=|6f87eaacf3f41aa24cfa1e979ca16c55663fde2aea03d9fefa05177e1b55e7ec\"; username-localhost-8699=\"2|1:0|10:1594032249|23:username-localhost-8699|44:NWZjYzBkMzk0ZWNiNGY4Mzg2NGQ1MjVkMzU5YzQ3ZjU=|2fee082dba01bd027ba8056b60c407a1848c9312029fb606debc117d19bfe0eb\"; username-localhost-9681=\"2|1:0|10:1594113120|23:username-localhost-9681|44:ODA2MmQzZTFkZjg5NGM3OTk2NTI5OTc1MzM0MmJiNGU=|e9965ba9a2c4a5573c5d62d0825d4cbcfe57be38e5dd951b181938a135674779\"; username-localhost-9953=\"2|1:0|10:1594113126|23:username-localhost-9953|44:NWJiMGQ4MmE0YWNmNDM1Mjk0M2VhOTJjOTE0N2Q5NjY=|78b2309db5b3ea5309e123cc9e54b4c06f89c83af11c14f5981881539cc67294\"; username-localhost-8188=\"2|1:0|10:1594285485|23:username-localhost-8188|44:M2ExYWNkNDkwZjRhNGI5YWIwNmMwNDg5N2FiNGJlMDY=|5044ac673f094501803dea2bbad3298e35110b8ccbaeef26f1b478fac9baa5f2\"; username-localhost-9172=\"2|1:0|10:1594285490|23:username-localhost-9172|44:ZWQ0NDU0YmZiMjM0NDhjMmFiODFlNmE3YmJjOWYxZmY=|4e5ee11154fe92b2c4425421618dae7dc88c66730faead3debc16c9e69afc6fb\"; username-localhost-9135=\"2|1:0|10:1594630739|23:username-localhost-9135|44:MGJkZjUxMzk2ZDYwNGZkYzkwMTMxMTA2M2JkZmJmNzU=|d8d51e471ed8870c0c6581b2b14e7d32d46f06670d0919d744cfb18ff21b2372\"; username-localhost-8904=\"2|1:0|10:1594722669|23:username-localhost-8904|44:NjAzOGYxYjgzOGJlNDdjYzk1NTYxNWFjOTU1YzFmMmQ=|e73c1cd7b7f12c46ba20baf70cef1cc0f84d6a0a7c7889a5644b33dcabedcbe9\"; username-localhost-8890=\"2|1:0|10:1594744655|23:username-localhost-8890|44:MjkzYzgwMzZiZDg5NGE3Zjg5MDc2OTZmMTQ3YjZiZTU=|cf0bf944819bc1ade13a81d3273913779c8f49f43c06336aa4b1dc14d5a90a22\"; username-localhost-8967=\"2|1:0|10:1594807904|23:username-localhost-8967|44:NDkyZTcwZGZlNjQxNDdlNzk1ZTkzODA3ZGU2YzNiOTg=|343c54f4ac636e03622b2c5ab302a5e49e75ed4f9f96520d48959622a55ffdba\"; username-localhost-9949=\"2|1:0|10:1594816672|23:username-localhost-9949|44:YTg2YzU1NTA0NTQ2NDIxMzljNjFiMjAzNzZlZThhZWQ=|23e5b5d82a3261dd40f9b978cd0d57b8fedfe61a4a0e2a91fb0edf0e6cfc4294\"; username-localhost-8891=\"2|1:0|10:1594827687|23:username-localhost-8891|44:NWY3MzM5NDQ0ZDU4NDY5MzhjY2ExM2QxY2M1MWQzMTk=|f839c22190faa9f3021021f858a640400cc74bba2a2b49d77bb61e012dd7a72a\"; username-localhost-8892=\"2|1:0|10:1594875714|23:username-localhost-8892|44:YTE0YTA3MmE4NGRkNGUxMGEzYzQ4ZDJhYmI1NzhiNDY=|4ac29e85ae8004fd67420e155fafffbe283aac8e5d1768ecf427ce82e63f4630\"; username-localhost-8951=\"2|1:0|10:1594892710|23:username-localhost-8951|44:MmFmYzU5ZDlkOTNiNGJjYjg5OTk4OTAwY2YxMjJiMTc=|1be4579f1c133c14ee070fca8bffe4ce0a893e044a3bcaf93e28a771d273e66b\"; username-localhost-8899=\"2|1:0|10:1594978266|23:username-localhost-8899|44:YmI3YWI3NWM4NWVjNDJiZDlkMDE4YmJlMzFkYTgzZmE=|892b5a77992c2ccb2ff5c82370f5befe051967e49a39ebca5141bd624970addb\"; username-localhost-9491=\"2|1:0|10:1594978674|23:username-localhost-9491|44:MmMxZDI5NmE1YjcyNGNiYjg3OTAyNDE4MzBlMWEzOTY=|40b91d894be2dcc3c9d0b65e2e06ec9976c99ad359479b0a14ffc4aac1edd8f0\"; username-localhost-8882=\"2|1:0|10:1594994875|23:username-localhost-8882|44:N2RmYzBhNDg4MWNlNDA3ZDlmZWJjNzA3MGMwZWIxMzI=|5d82b07f7f74222817b9beec35db8c79cf94a82052440a0b21af0e19859ed1f8\"; username-localhost-8982=\"2|1:0|10:1595187716|23:username-localhost-8982|44:ODcwZTY4MjBiYzdkNDA1MDg5NDg2NGUzZjkyZjM2NWI=|37379ca64a01a81331726e3f38792696c6ee4a3fbc2ca325506b559a8af76324\"; username-localhost-9024=\"2|1:0|10:1595236822|23:username-localhost-9024|44:YzRlMTUwNjcxYjMwNDU0N2E3NjUxM2NkM2M3NDY4OTQ=|01be2ed68d7d3da961d45b8844585dc618f6b147f58535ae64d7712937e14cd8\"; username-localhost-8937=\"2|1:0|10:1595269727|23:username-localhost-8937|44:NzZkOGRlNGRlMDQwNGY0NjlmYTVkM2ZiODJiYmZjZGU=|0f4cdfa051265fc934c17a636ddd97296d83ece9c3df24bace8987f3a62b20e8\"; username-localhost-8318=\"2|1:0|10:1595324714|23:username-localhost-8318|44:MjMwMjBhN2Y1YjkwNDA3ODg3YTRiMDg3MmY3ZTk4MTg=|bcdde59d5c88c6b7c2b31a762722a5a5e8adb97a98b1635bd3511809ed7f96c3\"; username-localhost-9558=\"2|1:0|10:1595409209|23:username-localhost-9558|44:YTgxNGU0ZDE2YmNiNDdlOGE2NjNjMzdhNzRiZTI1Y2Y=|f9e53fcc7ce0a0c99adbcba3441b6b94566c34480ff8a59e543c0d5c2c4dfd76\"; username-localhost-9093=\"2|1:0|10:1595497666|23:username-localhost-9093|44:NTdlOTUxYTRmMDM4NGFjODg2NmU0ZGI0ZWUxOWRjMjI=|36ee4109710b6f9600b57e4216656c51f1d94b6f45aff4a28be09daa0a1295c8\"; username-localhost-9839=\"2|1:0|10:1595579728|23:username-localhost-9839|44:MmUyNzliODgyMmQ2NDY3NWI3N2Q5MWYyNzI0ZDlhMWI=|bbeb52f7fd890ea9d2a2d24ec85bc52a701522f99e2136d1147a8a61dd98d0a9\"; _xsrf=2|5a20104c|374a5a565a09906f2ac51980a6f75ba9|1595847021; username-localhost-9321=\"2|1:0|10:1595847025|23:username-localhost-9321|44:ZjNmZGVlN2UzZGIyNDdhZTg4YzMxZDA4ZTRkMzUxYTg=|2e6282f6ee38be1e9e5a4d869de2f5fb0c36047825c692abc6ad5b9a61299ec5\"",
      "Pragma": "no-cache",
      "Cache-Control": "no-cache"
    }
[E 15:14:28.822 LabApp] 500 GET /lab/api/extensions?1595859268728 (10.20.236.34) 10.77ms referer=http://localhost:9321/lab?
[E 15:14:30.436 LabApp] Uncaught exception GET /lab/api/extensions?1595859270353 (10.20.236.34)
    HTTPServerRequest(protocol='http', host='localhost:9321', method='GET', uri='/lab/api/extensions?1595859270353', version='HTTP/1.1', remote_ip='10.20.236.34')
    Traceback (most recent call last):
      File "/home/baker02/miniconda3/envs/scRNA_env/lib/python3.6/site-packages/tornado/web.py", line 1703, in _execute
        result = await result
      File "/home/baker02/miniconda3/envs/scRNA_env/lib/python3.6/site-packages/tornado/gen.py", line 742, in run
        yielded = self.gen.throw(*exc_info)  # type: ignore
      File "/home/baker02/miniconda3/envs/scRNA_env/lib/python3.6/site-packages/jupyterlab/handlers/extension_manager_handler.py", line 221, in get
        extensions = yield self.manager.list_extensions()
      File "/home/baker02/miniconda3/envs/scRNA_env/lib/python3.6/site-packages/tornado/gen.py", line 735, in run
        value = future.result()
      File "/home/baker02/miniconda3/envs/scRNA_env/lib/python3.6/site-packages/tornado/gen.py", line 742, in run
        yielded = self.gen.throw(*exc_info)  # type: ignore
      File "/home/baker02/miniconda3/envs/scRNA_env/lib/python3.6/site-packages/jupyterlab/handlers/extension_manager_handler.py", line 91, in list_extensions
        pkg_info = yield self._get_pkg_info(name, data)
      File "/home/baker02/miniconda3/envs/scRNA_env/lib/python3.6/site-packages/tornado/gen.py", line 735, in run
        value = future.result()
      File "/home/baker02/miniconda3/envs/scRNA_env/lib/python3.6/site-packages/tornado/gen.py", line 742, in run
        yielded = self.gen.throw(*exc_info)  # type: ignore
      File "/home/baker02/miniconda3/envs/scRNA_env/lib/python3.6/site-packages/jupyterlab/handlers/extension_manager_handler.py", line 160, in _get_pkg_info
        outdated = yield self._get_outdated()
      File "/home/baker02/miniconda3/envs/scRNA_env/lib/python3.6/site-packages/tornado/gen.py", line 735, in run
        value = future.result()
      File "/home/baker02/miniconda3/envs/scRNA_env/lib/python3.6/site-packages/tornado/web.py", line 1703, in _execute
        result = await result
      File "/home/baker02/miniconda3/envs/scRNA_env/lib/python3.6/site-packages/tornado/gen.py", line 742, in run
        yielded = self.gen.throw(*exc_info)  # type: ignore
      File "/home/baker02/miniconda3/envs/scRNA_env/lib/python3.6/site-packages/jupyterlab/handlers/extension_manager_handler.py", line 221, in get
        extensions = yield self.manager.list_extensions()
      File "/home/baker02/miniconda3/envs/scRNA_env/lib/python3.6/site-packages/tornado/gen.py", line 735, in run
        value = future.result()
      File "/home/baker02/miniconda3/envs/scRNA_env/lib/python3.6/site-packages/tornado/gen.py", line 742, in run
        yielded = self.gen.throw(*exc_info)  # type: ignore
      File "/home/baker02/miniconda3/envs/scRNA_env/lib/python3.6/site-packages/jupyterlab/handlers/extension_manager_handler.py", line 91, in list_extensions
        pkg_info = yield self._get_pkg_info(name, data)
      File "/home/baker02/miniconda3/envs/scRNA_env/lib/python3.6/site-packages/tornado/gen.py", line 735, in run
        value = future.result()
      File "/home/baker02/miniconda3/envs/scRNA_env/lib/python3.6/site-packages/tornado/gen.py", line 742, in run
        yielded = self.gen.throw(*exc_info)  # type: ignore
      File "/home/baker02/miniconda3/envs/scRNA_env/lib/python3.6/site-packages/jupyterlab/handlers/extension_manager_handler.py", line 160, in _get_pkg_info
        outdated = yield self._get_outdated()
      File "/home/baker02/miniconda3/envs/scRNA_env/lib/python3.6/site-packages/tornado/gen.py", line 735, in run
        value = future.result()
      File "/home/baker02/miniconda3/envs/scRNA_env/lib/python3.6/site-packages/tornado/web.py", line 1703, in _execute
        result = await result
      File "/home/baker02/miniconda3/envs/scRNA_env/lib/python3.6/site-packages/tornado/gen.py", line 742, in run
        yielded = self.gen.throw(*exc_info)  # type: ignore
      File "/home/baker02/miniconda3/envs/scRNA_env/lib/python3.6/site-packages/jupyterlab/handlers/extension_manager_handler.py", line 221, in get
        extensions = yield self.manager.list_extensions()
      File "/home/baker02/miniconda3/envs/scRNA_env/lib/python3.6/site-packages/tornado/gen.py", line 735, in run
        value = future.result()
      File "/home/baker02/miniconda3/envs/scRNA_env/lib/python3.6/site-packages/tornado/gen.py", line 742, in run
        yielded = self.gen.throw(*exc_info)  # type: ignore
      File "/home/baker02/miniconda3/envs/scRNA_env/lib/python3.6/site-packages/jupyterlab/handlers/extension_manager_handler.py", line 91, in list_extensions
        pkg_info = yield self._get_pkg_info(name, data)
      File "/home/baker02/miniconda3/envs/scRNA_env/lib/python3.6/site-packages/tornado/gen.py", line 735, in run
        value = future.result()
      File "/home/baker02/miniconda3/envs/scRNA_env/lib/python3.6/site-packages/tornado/gen.py", line 742, in run
        yielded = self.gen.throw(*exc_info)  # type: ignore
      File "/home/baker02/miniconda3/envs/scRNA_env/lib/python3.6/site-packages/jupyterlab/handlers/extension_manager_handler.py", line 160, in _get_pkg_info
        outdated = yield self._get_outdated()
      File "/home/baker02/miniconda3/envs/scRNA_env/lib/python3.6/site-packages/tornado/gen.py", line 735, in run
        value = future.result()
      File "/home/baker02/miniconda3/envs/scRNA_env/lib/python3.6/site-packages/tornado/web.py", line 1703, in _execute
        result = await result
      File "/home/baker02/miniconda3/envs/scRNA_env/lib/python3.6/site-packages/tornado/gen.py", line 742, in run
        yielded = self.gen.throw(*exc_info)  # type: ignore
      File "/home/baker02/miniconda3/envs/scRNA_env/lib/python3.6/site-packages/jupyterlab/handlers/extension_manager_handler.py", line 221, in get
        extensions = yield self.manager.list_extensions()
      File "/home/baker02/miniconda3/envs/scRNA_env/lib/python3.6/site-packages/tornado/gen.py", line 735, in run
        value = future.result()
      File "/home/baker02/miniconda3/envs/scRNA_env/lib/python3.6/site-packages/tornado/gen.py", line 742, in run
        yielded = self.gen.throw(*exc_info)  # type: ignore
      File "/home/baker02/miniconda3/envs/scRNA_env/lib/python3.6/site-packages/jupyterlab/handlers/extension_manager_handler.py", line 91, in list_extensions
        pkg_info = yield self._get_pkg_info(name, data)
      File "/home/baker02/miniconda3/envs/scRNA_env/lib/python3.6/site-packages/tornado/gen.py", line 735, in run
        value = future.result()
      File "/home/baker02/miniconda3/envs/scRNA_env/lib/python3.6/site-packages/tornado/gen.py", line 742, in run
        yielded = self.gen.throw(*exc_info)  # type: ignore
      File "/home/baker02/miniconda3/envs/scRNA_env/lib/python3.6/site-packages/jupyterlab/handlers/extension_manager_handler.py", line 160, in _get_pkg_info
        outdated = yield self._get_outdated()
      File "/home/baker02/miniconda3/envs/scRNA_env/lib/python3.6/site-packages/tornado/gen.py", line 735, in run
        value = future.result()
      File "/home/baker02/miniconda3/envs/scRNA_env/lib/python3.6/site-packages/tornado/gen.py", line 742, in run
        yielded = self.gen.throw(*exc_info)  # type: ignore
      File "/home/baker02/miniconda3/envs/scRNA_env/lib/python3.6/site-packages/jupyterlab/handlers/extension_manager_handler.py", line 194, in _load_outdated
        app_options=self.app_options
      File "/home/baker02/miniconda3/envs/scRNA_env/lib/python3.6/site-packages/tornado/gen.py", line 735, in run
        value = future.result()
      File "/home/baker02/miniconda3/envs/scRNA_env/lib/python3.6/concurrent/futures/_base.py", line 425, in result
        return self.__get_result()
      File "/home/baker02/miniconda3/envs/scRNA_env/lib/python3.6/concurrent/futures/_base.py", line 384, in __get_result
        raise self._exception
      File "/home/baker02/miniconda3/envs/scRNA_env/lib/python3.6/concurrent/futures/thread.py", line 56, in run
        result = self.fn(*self.args, **self.kwargs)
      File "/home/baker02/miniconda3/envs/scRNA_env/lib/python3.6/site-packages/jupyterlab/commands.py", line 541, in get_latest_compatible_package_versions
        return handler.latest_compatible_package_versions(names)
      File "/home/baker02/miniconda3/envs/scRNA_env/lib/python3.6/site-packages/jupyterlab/commands.py", line 1679, in latest_compatible_package_versions
        ret = self._run([which('npm'), 'pack'] + keys, cwd=tempdir)
      File "/home/baker02/miniconda3/envs/scRNA_env/lib/python3.6/site-packages/jupyterlab_server/process.py", line 59, in which
        raise ValueError(msg)
    ValueError: Please install Node.js and npm before continuing installation. You may be able to install Node.js from your package manager, from conda, or directly from the Node.js website (https://nodejs.org).
[W 15:14:30.437 LabApp] Unhandled error
[E 15:14:30.437 LabApp] {
      "Host": "localhost:9321",
      "User-Agent": "Mozilla/5.0 (Macintosh; Intel Mac OS X 10.15; rv:78.0) Gecko/20100101 Firefox/78.0",
      "Accept": "*/*",
      "Accept-Language": "en-GB,en;q=0.5",
      "Accept-Encoding": "gzip, deflate",
      "Referer": "http://localhost:9321/lab?",
      "X-Xsrftoken": "2|5a20104c|374a5a565a09906f2ac51980a6f75ba9|1595847021",
      "Content-Type": "application/json",
      "Connection": "keep-alive",
      "Cookie": "username-localhost-8888=\"2|1:0|10:1595841276|23:username-localhost-8888|44:YThlZjhiMzAwNDVkNDEyNThhY2JmN2RkMTE1N2Q3NGY=|db2fbf8a2d5ec874efe4b534a78e6f8e17bf592b36a99cce94e5dd9c40ee78d9\"; username-localhost-8889=\"2|1:0|10:1595567059|23:username-localhost-8889|44:NWE0ZTA1OGE3OWNiNGM2MmI1YmI4ZTA0ZWI2Y2I1NTE=|76c9675bf392d0453165139f2a25f7404335426b0317b95205e528757c22156e\"; username-localhost-8002=\"2|1:0|10:1593426161|23:username-localhost-8002|44:YzY4MDA0OTRmMjhhNDJhNDk1ZjgzMzMxOTBjNjVkMTU=|ad90896ddabacad87a5407b7b220b6fe552d4f72437bc84d6ccb52aad4464c08\"; username-localhost-9417=\"2|1:0|10:1593508551|23:username-localhost-9417|44:OTNkZmJjYjVkMTkzNGYzYThlMTgxZGY0YTA0MWM2MjE=|6f87eaacf3f41aa24cfa1e979ca16c55663fde2aea03d9fefa05177e1b55e7ec\"; username-localhost-8699=\"2|1:0|10:1594032249|23:username-localhost-8699|44:NWZjYzBkMzk0ZWNiNGY4Mzg2NGQ1MjVkMzU5YzQ3ZjU=|2fee082dba01bd027ba8056b60c407a1848c9312029fb606debc117d19bfe0eb\"; username-localhost-9681=\"2|1:0|10:1594113120|23:username-localhost-9681|44:ODA2MmQzZTFkZjg5NGM3OTk2NTI5OTc1MzM0MmJiNGU=|e9965ba9a2c4a5573c5d62d0825d4cbcfe57be38e5dd951b181938a135674779\"; username-localhost-9953=\"2|1:0|10:1594113126|23:username-localhost-9953|44:NWJiMGQ4MmE0YWNmNDM1Mjk0M2VhOTJjOTE0N2Q5NjY=|78b2309db5b3ea5309e123cc9e54b4c06f89c83af11c14f5981881539cc67294\"; username-localhost-8188=\"2|1:0|10:1594285485|23:username-localhost-8188|44:M2ExYWNkNDkwZjRhNGI5YWIwNmMwNDg5N2FiNGJlMDY=|5044ac673f094501803dea2bbad3298e35110b8ccbaeef26f1b478fac9baa5f2\"; username-localhost-9172=\"2|1:0|10:1594285490|23:username-localhost-9172|44:ZWQ0NDU0YmZiMjM0NDhjMmFiODFlNmE3YmJjOWYxZmY=|4e5ee11154fe92b2c4425421618dae7dc88c66730faead3debc16c9e69afc6fb\"; username-localhost-9135=\"2|1:0|10:1594630739|23:username-localhost-9135|44:MGJkZjUxMzk2ZDYwNGZkYzkwMTMxMTA2M2JkZmJmNzU=|d8d51e471ed8870c0c6581b2b14e7d32d46f06670d0919d744cfb18ff21b2372\"; username-localhost-8904=\"2|1:0|10:1594722669|23:username-localhost-8904|44:NjAzOGYxYjgzOGJlNDdjYzk1NTYxNWFjOTU1YzFmMmQ=|e73c1cd7b7f12c46ba20baf70cef1cc0f84d6a0a7c7889a5644b33dcabedcbe9\"; username-localhost-8890=\"2|1:0|10:1594744655|23:username-localhost-8890|44:MjkzYzgwMzZiZDg5NGE3Zjg5MDc2OTZmMTQ3YjZiZTU=|cf0bf944819bc1ade13a81d3273913779c8f49f43c06336aa4b1dc14d5a90a22\"; username-localhost-8967=\"2|1:0|10:1594807904|23:username-localhost-8967|44:NDkyZTcwZGZlNjQxNDdlNzk1ZTkzODA3ZGU2YzNiOTg=|343c54f4ac636e03622b2c5ab302a5e49e75ed4f9f96520d48959622a55ffdba\"; username-localhost-9949=\"2|1:0|10:1594816672|23:username-localhost-9949|44:YTg2YzU1NTA0NTQ2NDIxMzljNjFiMjAzNzZlZThhZWQ=|23e5b5d82a3261dd40f9b978cd0d57b8fedfe61a4a0e2a91fb0edf0e6cfc4294\"; username-localhost-8891=\"2|1:0|10:1594827687|23:username-localhost-8891|44:NWY3MzM5NDQ0ZDU4NDY5MzhjY2ExM2QxY2M1MWQzMTk=|f839c22190faa9f3021021f858a640400cc74bba2a2b49d77bb61e012dd7a72a\"; username-localhost-8892=\"2|1:0|10:1594875714|23:username-localhost-8892|44:YTE0YTA3MmE4NGRkNGUxMGEzYzQ4ZDJhYmI1NzhiNDY=|4ac29e85ae8004fd67420e155fafffbe283aac8e5d1768ecf427ce82e63f4630\"; username-localhost-8951=\"2|1:0|10:1594892710|23:username-localhost-8951|44:MmFmYzU5ZDlkOTNiNGJjYjg5OTk4OTAwY2YxMjJiMTc=|1be4579f1c133c14ee070fca8bffe4ce0a893e044a3bcaf93e28a771d273e66b\"; username-localhost-8899=\"2|1:0|10:1594978266|23:username-localhost-8899|44:YmI3YWI3NWM4NWVjNDJiZDlkMDE4YmJlMzFkYTgzZmE=|892b5a77992c2ccb2ff5c82370f5befe051967e49a39ebca5141bd624970addb\"; username-localhost-9491=\"2|1:0|10:1594978674|23:username-localhost-9491|44:MmMxZDI5NmE1YjcyNGNiYjg3OTAyNDE4MzBlMWEzOTY=|40b91d894be2dcc3c9d0b65e2e06ec9976c99ad359479b0a14ffc4aac1edd8f0\"; username-localhost-8882=\"2|1:0|10:1594994875|23:username-localhost-8882|44:N2RmYzBhNDg4MWNlNDA3ZDlmZWJjNzA3MGMwZWIxMzI=|5d82b07f7f74222817b9beec35db8c79cf94a82052440a0b21af0e19859ed1f8\"; username-localhost-8982=\"2|1:0|10:1595187716|23:username-localhost-8982|44:ODcwZTY4MjBiYzdkNDA1MDg5NDg2NGUzZjkyZjM2NWI=|37379ca64a01a81331726e3f38792696c6ee4a3fbc2ca325506b559a8af76324\"; username-localhost-9024=\"2|1:0|10:1595236822|23:username-localhost-9024|44:YzRlMTUwNjcxYjMwNDU0N2E3NjUxM2NkM2M3NDY4OTQ=|01be2ed68d7d3da961d45b8844585dc618f6b147f58535ae64d7712937e14cd8\"; username-localhost-8937=\"2|1:0|10:1595269727|23:username-localhost-8937|44:NzZkOGRlNGRlMDQwNGY0NjlmYTVkM2ZiODJiYmZjZGU=|0f4cdfa051265fc934c17a636ddd97296d83ece9c3df24bace8987f3a62b20e8\"; username-localhost-8318=\"2|1:0|10:1595324714|23:username-localhost-8318|44:MjMwMjBhN2Y1YjkwNDA3ODg3YTRiMDg3MmY3ZTk4MTg=|bcdde59d5c88c6b7c2b31a762722a5a5e8adb97a98b1635bd3511809ed7f96c3\"; username-localhost-9558=\"2|1:0|10:1595409209|23:username-localhost-9558|44:YTgxNGU0ZDE2YmNiNDdlOGE2NjNjMzdhNzRiZTI1Y2Y=|f9e53fcc7ce0a0c99adbcba3441b6b94566c34480ff8a59e543c0d5c2c4dfd76\"; username-localhost-9093=\"2|1:0|10:1595497666|23:username-localhost-9093|44:NTdlOTUxYTRmMDM4NGFjODg2NmU0ZGI0ZWUxOWRjMjI=|36ee4109710b6f9600b57e4216656c51f1d94b6f45aff4a28be09daa0a1295c8\"; username-localhost-9839=\"2|1:0|10:1595579728|23:username-localhost-9839|44:MmUyNzliODgyMmQ2NDY3NWI3N2Q5MWYyNzI0ZDlhMWI=|bbeb52f7fd890ea9d2a2d24ec85bc52a701522f99e2136d1147a8a61dd98d0a9\"; _xsrf=2|5a20104c|374a5a565a09906f2ac51980a6f75ba9|1595847021; username-localhost-9321=\"2|1:0|10:1595847025|23:username-localhost-9321|44:ZjNmZGVlN2UzZGIyNDdhZTg4YzMxZDA4ZTRkMzUxYTg=|2e6282f6ee38be1e9e5a4d869de2f5fb0c36047825c692abc6ad5b9a61299ec5\"",
      "Pragma": "no-cache",
      "Cache-Control": "no-cache"
    }
[E 15:14:30.437 LabApp] 500 GET /lab/api/extensions?1595859270353 (10.20.236.34) 9.33ms referer=http://localhost:9321/lab?
[I 15:14:30.696 LabApp] Adapting from protocol version 5.0 (kernel c1a61373-985c-4735-a8dc-4a7a1af96c50) to 5.3 (client).
[I 15:14:30.952 LabApp] Adapting from protocol version 5.0 (kernel 96f18b83-8443-449c-893f-c99b4c7d99cf) to 5.3 (client).
[I 15:14:37.028 LabApp] Adapting from protocol version 5.0 (kernel 96f18b83-8443-449c-893f-c99b4c7d99cf) to 5.3 (client).
[I 15:15:38.526 LabApp] Saving file at /notebooks/005_nems_dev.ipynb
[I 15:15:38.528 LabApp] Saving 005_nems_dev.ipynb
[I 15:16:01.032 LabApp] Saving file at /notebooks/005_nems_dev.ipynb
[I 15:16:01.033 LabApp] Saving 005_nems_dev.ipynb
[I 15:16:05.854 LabApp] Saving file at /notebooks/005_nems_dev.ipynb
[I 15:16:05.855 LabApp] Saving 005_nems_dev.ipynb
[W 15:17:09.179 LabApp] 400 GET /api/contents/notebooks/custom?format=text&type=file&content=1&1595859429135 (10.20.236.34): /mnt/scratcha/fmlab/baker02/ER_Model/E2V2/Initial_ER_Interactome_Network_Model/notebooks/custom is not UTF-8 encoded
[W 15:17:09.179 LabApp] /mnt/scratcha/fmlab/baker02/ER_Model/E2V2/Initial_ER_Interactome_Network_Model/notebooks/custom is not UTF-8 encoded
[W 15:17:09.180 LabApp] 400 GET /api/contents/notebooks/custom?format=text&type=file&content=1&1595859429135 (10.20.236.34) 2.54ms referer=http://localhost:9321/lab?
[W 15:17:16.463 LabApp] delete /notebooks/custom
[W 15:17:16.463 LabApp] Skipping trash for /mnt/scratcha/fmlab/baker02/ER_Model/E2V2/Initial_ER_Interactome_Network_Model/notebooks/custom, on different device to home directory
[I 15:18:06.051 LabApp] Saving file at /notebooks/005_nems_dev.ipynb
[I 15:18:06.053 LabApp] Saving 005_nems_dev.ipynb
[I 15:19:28.066 LabApp] Starting buffering for c1a61373-985c-4735-a8dc-4a7a1af96c50:b47e064c-648d-432a-952b-3f57bc342355
[I 15:19:28.066 LabApp] Starting buffering for 96f18b83-8443-449c-893f-c99b4c7d99cf:9a20a5f9-7d3c-42f5-a2b4-fe9705c178a5
slurmstepd: error: *** JOB 10583971 ON clust1-node-1 CANCELLED AT 2020-07-27T16:09:30 ***
